#-----------------------------------------------------------
# Vivado v2018.1 (64-bit)
# SW Build 2188600 on Wed Apr  4 18:40:38 MDT 2018
# IP Build 2185939 on Wed Apr  4 20:55:05 MDT 2018
# Start of session at: Sat Jul 28 13:42:33 2018
# Process ID: 16480
# Current directory: D:/TeamInsomnia
# Command line: vivado.exe -gui_launcher_event rodinguilauncherevent6352 D:\TeamInsomnia\TeamInsomnia.xpr
# Log file: D:/TeamInsomnia/vivado.log
# Journal file: D:/TeamInsomnia\vivado.jou
#-----------------------------------------------------------
start_gui
open_project D:/TeamInsomnia/TeamInsomnia.xpr
INFO: [Project 1-313] Project file moved from 'C:/Xilinx/Vivado/Projects/TeamInsomnia' since last save.
Scanning sources...
Finished scanning sources
INFO: [IP_Flow 19-234] Refreshing IP repositories
INFO: [IP_Flow 19-1704] No user IP repositories specified
INFO: [IP_Flow 19-2313] Loaded Vivado IP repository 'C:/Xilinx/Vivado/2018.1/data/ip'.
open_project: Time (s): cpu = 00:00:24 ; elapsed = 00:00:15 . Memory (MB): peak = 785.008 ; gain = 69.988
update_compile_order -fileset sources_1
