
*** Running vivado
    with args -log TopModule.vds -m64 -product Vivado -mode batch -messageDb vivado.pb -notrace -source TopModule.tcl


****** Vivado v2018.1 (64-bit)
  **** SW Build 2188600 on Wed Apr  4 18:40:38 MDT 2018
  **** IP Build 2185939 on Wed Apr  4 20:55:05 MDT 2018
    ** Copyright 1986-2018 Xilinx, Inc. All Rights Reserved.

source TopModule.tcl -notrace
Command: synth_design -top TopModule -part xc7a35tcpg236-1
Starting synth_design
Attempting to get a license for feature 'Synthesis' and/or device 'xc7a35t'
INFO: [Common 17-349] Got license for feature 'Synthesis' and/or device 'xc7a35t'
INFO: Launching helper process for spawning children vivado processes
INFO: Helper process launched with PID 15408 
WARNING: [Synth 8-2611] redeclaration of ansi port outup is not allowed [C:/Xilinx/Vivado/Projects/TeamInsomnia/TeamInsomnia.srcs/sources_1/new/ultrasonic_proximity.v:33]
---------------------------------------------------------------------------------
Starting RTL Elaboration : Time (s): cpu = 00:00:08 ; elapsed = 00:00:08 . Memory (MB): peak = 371.156 ; gain = 111.828
---------------------------------------------------------------------------------
INFO: [Synth 8-6157] synthesizing module 'TopModule' [C:/Xilinx/Vivado/Projects/TeamInsomnia/TeamInsomnia.srcs/sources_1/new/TopModule.v:23]
INFO: [Synth 8-6157] synthesizing module 'seven_seg' [C:/Xilinx/Vivado/Projects/TeamInsomnia/TeamInsomnia.srcs/sources_1/new/seven_seg.v:32]
	Parameter N bound to: 18 - type: integer 
INFO: [Synth 8-155] case statement is not full and has no default [C:/Xilinx/Vivado/Projects/TeamInsomnia/TeamInsomnia.srcs/sources_1/new/seven_seg.v:83]
WARNING: [Synth 8-6014] Unused sequential element count1_reg was removed.  [C:/Xilinx/Vivado/Projects/TeamInsomnia/TeamInsomnia.srcs/sources_1/new/seven_seg.v:109]
WARNING: [Synth 8-6014] Unused sequential element toggle_reg was removed.  [C:/Xilinx/Vivado/Projects/TeamInsomnia/TeamInsomnia.srcs/sources_1/new/seven_seg.v:114]
INFO: [Synth 8-6155] done synthesizing module 'seven_seg' (1#1) [C:/Xilinx/Vivado/Projects/TeamInsomnia/TeamInsomnia.srcs/sources_1/new/seven_seg.v:32]
INFO: [Synth 8-6157] synthesizing module 'ultrasonic_proximity' [C:/Xilinx/Vivado/Projects/TeamInsomnia/TeamInsomnia.srcs/sources_1/new/ultrasonic_proximity.v:21]
INFO: [Synth 8-6155] done synthesizing module 'ultrasonic_proximity' (2#1) [C:/Xilinx/Vivado/Projects/TeamInsomnia/TeamInsomnia.srcs/sources_1/new/ultrasonic_proximity.v:21]
WARNING: [Synth 8-689] width (16) of port connection 'dist' does not match port width (1) of module 'ultrasonic_proximity' [C:/Xilinx/Vivado/Projects/TeamInsomnia/TeamInsomnia.srcs/sources_1/new/TopModule.v:59]
INFO: [Synth 8-6157] synthesizing module 'Motor_Control' [C:/Xilinx/Vivado/Projects/TeamInsomnia/TeamInsomnia.srcs/sources_1/new/Motor_Control.v:23]
INFO: [Synth 8-6157] synthesizing module 'Encoder' [C:/Xilinx/Vivado/Projects/TeamInsomnia/TeamInsomnia.srcs/sources_1/new/Encoder.v:23]
WARNING: [Synth 8-6014] Unused sequential element check_a_reg was removed.  [C:/Xilinx/Vivado/Projects/TeamInsomnia/TeamInsomnia.srcs/sources_1/new/Encoder.v:48]
WARNING: [Synth 8-6014] Unused sequential element check_b_reg was removed.  [C:/Xilinx/Vivado/Projects/TeamInsomnia/TeamInsomnia.srcs/sources_1/new/Encoder.v:58]
INFO: [Synth 8-6155] done synthesizing module 'Encoder' (3#1) [C:/Xilinx/Vivado/Projects/TeamInsomnia/TeamInsomnia.srcs/sources_1/new/Encoder.v:23]
ERROR: [Synth 8-685] variable 'swb' should not be used in output port connection [C:/Xilinx/Vivado/Projects/TeamInsomnia/TeamInsomnia.srcs/sources_1/new/Motor_Control.v:55]
ERROR: [Synth 8-6156] failed synthesizing module 'Motor_Control' [C:/Xilinx/Vivado/Projects/TeamInsomnia/TeamInsomnia.srcs/sources_1/new/Motor_Control.v:23]
ERROR: [Synth 8-6156] failed synthesizing module 'TopModule' [C:/Xilinx/Vivado/Projects/TeamInsomnia/TeamInsomnia.srcs/sources_1/new/TopModule.v:23]
---------------------------------------------------------------------------------
Finished RTL Elaboration : Time (s): cpu = 00:00:08 ; elapsed = 00:00:09 . Memory (MB): peak = 404.090 ; gain = 144.762
---------------------------------------------------------------------------------
RTL Elaboration failed
INFO: [Common 17-83] Releasing license: Synthesis
11 Infos, 6 Warnings, 0 Critical Warnings and 4 Errors encountered.
synth_design failed
ERROR: [Common 17-69] Command failed: Synthesis failed - please see the console or run log file for details
INFO: [Common 17-206] Exiting Vivado at Sun Jul 15 15:07:33 2018...
